C:\Users\harsh\source\repos\Job Application\client-app\dist\out-tsc\e2e\src\app.po.js
C:\Users\harsh\source\repos\Job Application\client-app\dist\out-tsc\e2e\src\app.po.js.map
C:\Users\harsh\source\repos\Job Application\client-app\dist\out-tsc\e2e\src\app.e2e-spec.js
C:\Users\harsh\source\repos\Job Application\client-app\dist\out-tsc\e2e\src\app.e2e-spec.js.map
C:\Users\harsh\source\repos\Job Application\client-app\dist\out-tsc\src\app\services\config.service.js
C:\Users\harsh\source\repos\Job Application\client-app\dist\out-tsc\src\app\services\config.service.js.map
C:\Users\harsh\source\repos\Job Application\client-app\dist\out-tsc\src\app\services\user.service.js
C:\Users\harsh\source\repos\Job Application\client-app\dist\out-tsc\src\app\services\user.service.js.map
C:\Users\harsh\source\repos\Job Application\client-app\dist\out-tsc\src\app\user-register\user-register.component.js
C:\Users\harsh\source\repos\Job Application\client-app\dist\out-tsc\src\app\user-register\user-register.component.js.map
C:\Users\harsh\source\repos\Job Application\client-app\dist\out-tsc\src\app\users-list\users-list.component.js
C:\Users\harsh\source\repos\Job Application\client-app\dist\out-tsc\src\app\users-list\users-list.component.js.map
C:\Users\harsh\source\repos\Job Application\client-app\dist\out-tsc\src\app\app-routing.module.js
C:\Users\harsh\source\repos\Job Application\client-app\dist\out-tsc\src\app\app-routing.module.js.map
C:\Users\harsh\source\repos\Job Application\client-app\dist\out-tsc\src\app\app.component.js
C:\Users\harsh\source\repos\Job Application\client-app\dist\out-tsc\src\app\app.component.js.map
C:\Users\harsh\source\repos\Job Application\client-app\dist\out-tsc\src\app\navbar\navbar.component.js
C:\Users\harsh\source\repos\Job Application\client-app\dist\out-tsc\src\app\navbar\navbar.component.js.map
C:\Users\harsh\source\repos\Job Application\client-app\dist\out-tsc\src\app\user-details-edit\user-details-edit.component.js
C:\Users\harsh\source\repos\Job Application\client-app\dist\out-tsc\src\app\user-details-edit\user-details-edit.component.js.map
C:\Users\harsh\source\repos\Job Application\client-app\dist\out-tsc\src\app\app.module.js
C:\Users\harsh\source\repos\Job Application\client-app\dist\out-tsc\src\app\app.module.js.map
C:\Users\harsh\source\repos\Job Application\client-app\dist\out-tsc\src\environments\environment.js
C:\Users\harsh\source\repos\Job Application\client-app\dist\out-tsc\src\environments\environment.js.map
C:\Users\harsh\source\repos\Job Application\client-app\dist\out-tsc\src\main.js
C:\Users\harsh\source\repos\Job Application\client-app\dist\out-tsc\src\main.js.map
C:\Users\harsh\source\repos\Job Application\client-app\dist\out-tsc\src\polyfills.js
C:\Users\harsh\source\repos\Job Application\client-app\dist\out-tsc\src\polyfills.js.map
C:\Users\harsh\source\repos\Job Application\client-app\dist\out-tsc\src\test.js
C:\Users\harsh\source\repos\Job Application\client-app\dist\out-tsc\src\test.js.map
C:\Users\harsh\source\repos\Job Application\client-app\dist\out-tsc\src\app\app.component.spec.js
C:\Users\harsh\source\repos\Job Application\client-app\dist\out-tsc\src\app\app.component.spec.js.map
C:\Users\harsh\source\repos\Job Application\client-app\dist\out-tsc\src\environments\environment.prod.js
C:\Users\harsh\source\repos\Job Application\client-app\dist\out-tsc\src\environments\environment.prod.js.map
